0 info it worked if it ends with ok
1 verbose cli [ 'node', '/usr/local/bin/npm', 'install', '.' ]
2 info using npm@1.1.45
3 info using node@v0.8.4
4 verbose config file /Users/shumpei/.npmrc
5 verbose config file /usr/local/etc/npmrc
6 verbose config file /usr/local/lib/node_modules/npm/npmrc
7 verbose read json /Users/shumpei/Dropbox/bookbookbook/kakkoii/kakkoiiapp/package.json
8 warn package.json application-name@0.0.1 No README.md file found!
9 verbose read json /Users/shumpei/Dropbox/bookbookbook/kakkoii/kakkoiiapp/node_modules/ejs/package.json
10 verbose read json /Users/shumpei/Dropbox/bookbookbook/kakkoii/kakkoiiapp/node_modules/express/package.json
11 verbose read json /Users/shumpei/Dropbox/bookbookbook/kakkoii/kakkoiiapp/node_modules/less-middleware/package.json
12 verbose read json /Users/shumpei/Dropbox/bookbookbook/kakkoii/kakkoiiapp/node_modules/oauth/package.json
13 verbose read json /Users/shumpei/Dropbox/bookbookbook/kakkoii/kakkoiiapp/node_modules/passport/package.json
14 verbose read json /Users/shumpei/Dropbox/bookbookbook/kakkoii/kakkoiiapp/node_modules/passport-twitter/package.json
15 warn package.json passport-twitter@0.1.4 No README.md file found!
16 verbose from cache /Users/shumpei/Dropbox/bookbookbook/kakkoii/kakkoiiapp/package.json
17 verbose readDependencies using package.json deps
18 verbose cache add [ '.', null ]
19 silly cache add name=undefined spec="." args=[".",null]
20 verbose parsed url { pathname: '.', path: '.', href: '.' }
21 silly lockFile 3a52ce78- .
22 verbose lock . /Users/shumpei/.npm/3a52ce78-.lock
23 verbose read json package.json
24 silly lockFile 3a52ce78- .
25 error addLocal Could not install .
26 error Error: ENOENT, open 'package.json'
27 error If you need help, you may report this log at:
27 error     <http://github.com/isaacs/npm/issues>
27 error or email it to:
27 error     <npm-@googlegroups.com>
28 error System Darwin 12.2.1
29 error command "node" "/usr/local/bin/npm" "install" "."
30 error cwd /Users/shumpei/Dropbox/bookbookbook/kakkoii/kakkoiiapp/data
31 error node -v v0.8.4
32 error npm -v 1.1.45
33 error path package.json
34 error code ENOENT
35 error errno 34
36 verbose exit [ 34, true ]
